<?xml version="1.0" encoding="UTF-8"?>
<!-- Generated by org.testng.reporters.JUnitXMLReporter -->
<testsuite ignored="0" hostname="LAPTOP-RKEVC29F" failures="0" tests="3" name="Test" time="16.305" errors="0" timestamp="2025-07-07T13:23:39 IST">
  <testcase classname="testCases.TC_001_RegistrationOfUser" name="registration" time="2.27"/>
  <testcase classname="testCases.TC_002_LoginTest" name="login" time="1.546"/>
  <testcase classname="testCases.TC_003_ForgotPwdTest" name="forgotPwd" time="2.308"/>
</testsuite> <!-- Test -->
