<?xml version="1.0" encoding="UTF-8"?>
<!-- Generated by org.testng.reporters.JUnitXMLReporter -->
<testsuite ignored="0" hostname="LAPTOP-RKEVC29F" failures="0" tests="3" name="Test" time="24.495" errors="0" timestamp="2025-07-09T00:38:08 IST">
  <testcase classname="testCases.TC_001_RegistrationOfUser" name="registration" time="5.36"/>
  <testcase classname="testCases.TC_002_LoginTest" name="login" time="1.651"/>
  <testcase classname="testCases.TC_003_ForgotPwdTest" name="forgotPwd" time="3.286"/>
</testsuite> <!-- Test -->
