<?xml version="1.0" encoding="UTF-8"?>
<!-- Generated by org.testng.reporters.JUnitXMLReporter -->
<testsuite ignored="0" hostname="LAPTOP-RKEVC29F" failures="0" tests="3" name="Test" time="27.006" errors="0" timestamp="2025-07-08T17:40:40 IST">
  <testcase classname="testCases.TC_001_RegistrationOfUser" name="registration" time="3.545"/>
  <testcase classname="testCases.TC_002_LoginTest" name="login" time="2.072"/>
  <testcase classname="testCases.TC_003_ForgotPwdTest" name="forgotPwd" time="3.372"/>
</testsuite> <!-- Test -->
