<?xml version="1.0" encoding="UTF-8"?>
<!-- Generated by org.testng.reporters.JUnitXMLReporter -->
<testsuite ignored="1" hostname="LAPTOP-RKEVC29F" failures="0" tests="3" name="Test" time="18.164" errors="0" timestamp="2025-07-07T12:56:50 IST">
  <testcase classname="testCases.TC_001_RegistrationOfUser" name="registration" time="2.38"/>
  <testcase classname="testCases.TC_002_LoginTest" name="login" time="1.884"/>
  <testcase classname="testCases.TC_003_ForgotPwdTest" name="forgotPwd" time="3.216"/>
  <testcase classname="testCases.TC_004_LoginDDT" name="loginDDT" time="0.0">
    <ignored/>
  </testcase> <!-- loginDDT -->
</testsuite> <!-- Test -->
