<?xml version="1.0" encoding="UTF-8"?>
<testng-results ignored="0" total="3" passed="3" failed="0" skipped="0">
  <reporter-output>
  </reporter-output>
  <suite started-at="2025-07-08T17:40:10 IST" name="Suite" finished-at="2025-07-08T17:40:37 IST" duration-ms="27006">
    <groups>
      <group name="Master">
        <method signature="TC_001_RegistrationOfUser.registration()[pri:0, instance:testCases.TC_001_RegistrationOfUser@25f4878b]" name="registration" class="testCases.TC_001_RegistrationOfUser"/>
        <method signature="TC_002_LoginTest.login()[pri:0, instance:testCases.TC_002_LoginTest@6e005dc9]" name="login" class="testCases.TC_002_LoginTest"/>
        <method signature="TC_003_ForgotPwdTest.forgotPwd()[pri:0, instance:testCases.TC_003_ForgotPwdTest@7ceb3185]" name="forgotPwd" class="testCases.TC_003_ForgotPwdTest"/>
      </group> <!-- Master -->
      <group name="Regression">
        <method signature="TC_001_RegistrationOfUser.registration()[pri:0, instance:testCases.TC_001_RegistrationOfUser@25f4878b]" name="registration" class="testCases.TC_001_RegistrationOfUser"/>
        <method signature="TC_002_LoginTest.login()[pri:0, instance:testCases.TC_002_LoginTest@6e005dc9]" name="login" class="testCases.TC_002_LoginTest"/>
      </group> <!-- Regression -->
      <group name="sanity">
        <method signature="TC_001_RegistrationOfUser.registration()[pri:0, instance:testCases.TC_001_RegistrationOfUser@25f4878b]" name="registration" class="testCases.TC_001_RegistrationOfUser"/>
        <method signature="TC_002_LoginTest.login()[pri:0, instance:testCases.TC_002_LoginTest@6e005dc9]" name="login" class="testCases.TC_002_LoginTest"/>
        <method signature="TC_003_ForgotPwdTest.forgotPwd()[pri:0, instance:testCases.TC_003_ForgotPwdTest@7ceb3185]" name="forgotPwd" class="testCases.TC_003_ForgotPwdTest"/>
      </group> <!-- sanity -->
    </groups>
    <test started-at="2025-07-08T17:40:10 IST" name="Test" finished-at="2025-07-08T17:40:37 IST" duration-ms="27006">
      <class name="testCases.TC_002_LoginTest">
        <test-method is-config="true" signature="setup(java.lang.String,java.lang.String)[pri:0, instance:testCases.TC_002_LoginTest@6e005dc9]" started-at="2025-07-08T17:40:20 IST" name="setup" finished-at="2025-07-08T17:40:23 IST" duration-ms="3527" status="PASS">
          <params>
            <param index="0">
              <value>
                <![CDATA[windows]]>
              </value>
            </param>
            <param index="1">
              <value>
                <![CDATA[chrome]]>
              </value>
            </param>
          </params>
          <reporter-output>
          </reporter-output>
        </test-method> <!-- setup -->
        <test-method signature="login()[pri:0, instance:testCases.TC_002_LoginTest@6e005dc9]" started-at="2025-07-08T17:40:23 IST" name="login" finished-at="2025-07-08T17:40:26 IST" duration-ms="2072" status="PASS">
          <reporter-output>
          </reporter-output>
        </test-method> <!-- login -->
        <test-method is-config="true" signature="tearDown()[pri:0, instance:testCases.TC_002_LoginTest@6e005dc9]" started-at="2025-07-08T17:40:26 IST" name="tearDown" finished-at="2025-07-08T17:40:26 IST" duration-ms="920" status="PASS">
          <reporter-output>
          </reporter-output>
        </test-method> <!-- tearDown -->
      </class> <!-- testCases.TC_002_LoginTest -->
      <class name="testCases.TC_003_ForgotPwdTest">
        <test-method is-config="true" signature="setup(java.lang.String,java.lang.String)[pri:0, instance:testCases.TC_003_ForgotPwdTest@7ceb3185]" started-at="2025-07-08T17:40:26 IST" name="setup" finished-at="2025-07-08T17:40:33 IST" duration-ms="6297" status="PASS">
          <params>
            <param index="0">
              <value>
                <![CDATA[windows]]>
              </value>
            </param>
            <param index="1">
              <value>
                <![CDATA[chrome]]>
              </value>
            </param>
          </params>
          <reporter-output>
          </reporter-output>
        </test-method> <!-- setup -->
        <test-method signature="forgotPwd()[pri:0, instance:testCases.TC_003_ForgotPwdTest@7ceb3185]" started-at="2025-07-08T17:40:33 IST" name="forgotPwd" finished-at="2025-07-08T17:40:36 IST" duration-ms="3372" status="PASS">
          <reporter-output>
          </reporter-output>
        </test-method> <!-- forgotPwd -->
        <test-method is-config="true" signature="tearDown()[pri:0, instance:testCases.TC_003_ForgotPwdTest@7ceb3185]" started-at="2025-07-08T17:40:36 IST" name="tearDown" finished-at="2025-07-08T17:40:37 IST" duration-ms="477" status="PASS">
          <reporter-output>
          </reporter-output>
        </test-method> <!-- tearDown -->
      </class> <!-- testCases.TC_003_ForgotPwdTest -->
      <class name="testCases.TC_001_RegistrationOfUser">
        <test-method is-config="true" signature="setup(java.lang.String,java.lang.String)[pri:0, instance:testCases.TC_001_RegistrationOfUser@25f4878b]" started-at="2025-07-08T17:40:10 IST" name="setup" finished-at="2025-07-08T17:40:16 IST" duration-ms="5597" status="PASS">
          <params>
            <param index="0">
              <value>
                <![CDATA[windows]]>
              </value>
            </param>
            <param index="1">
              <value>
                <![CDATA[chrome]]>
              </value>
            </param>
          </params>
          <reporter-output>
          </reporter-output>
        </test-method> <!-- setup -->
        <test-method signature="registration()[pri:0, instance:testCases.TC_001_RegistrationOfUser@25f4878b]" started-at="2025-07-08T17:40:16 IST" name="registration" finished-at="2025-07-08T17:40:19 IST" duration-ms="3545" status="PASS">
          <reporter-output>
          </reporter-output>
        </test-method> <!-- registration -->
        <test-method is-config="true" signature="tearDown()[pri:0, instance:testCases.TC_001_RegistrationOfUser@25f4878b]" started-at="2025-07-08T17:40:19 IST" name="tearDown" finished-at="2025-07-08T17:40:20 IST" duration-ms="556" status="PASS">
          <reporter-output>
          </reporter-output>
        </test-method> <!-- tearDown -->
      </class> <!-- testCases.TC_001_RegistrationOfUser -->
    </test> <!-- Test -->
  </suite> <!-- Suite -->
</testng-results>
