<?xml version="1.0" encoding="UTF-8"?>
<testng-results ignored="0" total="4" passed="4" failed="0" skipped="0">
  <reporter-output>
  </reporter-output>
  <suite started-at="2025-07-08T15:38:46 IST" name="Suite" finished-at="2025-07-08T15:39:36 IST" duration-ms="49933">
    <groups>
      <group name="Master">
        <method signature="TC_001_RegistrationOfUser.registration()[pri:0, instance:testCases.TC_001_RegistrationOfUser@4c51cf28]" name="registration" class="testCases.TC_001_RegistrationOfUser"/>
        <method signature="TC_002_LoginTest.login()[pri:0, instance:testCases.TC_002_LoginTest@3e7dd664]" name="login" class="testCases.TC_002_LoginTest"/>
        <method signature="TC_001_RegistrationOfUser.registration()[pri:0, instance:testCases.TC_001_RegistrationOfUser@487db668]" name="registration" class="testCases.TC_001_RegistrationOfUser"/>
        <method signature="TC_002_LoginTest.login()[pri:0, instance:testCases.TC_002_LoginTest@46944ca9]" name="login" class="testCases.TC_002_LoginTest"/>
      </group> <!-- Master -->
      <group name="Regression">
        <method signature="TC_001_RegistrationOfUser.registration()[pri:0, instance:testCases.TC_001_RegistrationOfUser@4c51cf28]" name="registration" class="testCases.TC_001_RegistrationOfUser"/>
        <method signature="TC_002_LoginTest.login()[pri:0, instance:testCases.TC_002_LoginTest@3e7dd664]" name="login" class="testCases.TC_002_LoginTest"/>
        <method signature="TC_001_RegistrationOfUser.registration()[pri:0, instance:testCases.TC_001_RegistrationOfUser@487db668]" name="registration" class="testCases.TC_001_RegistrationOfUser"/>
        <method signature="TC_002_LoginTest.login()[pri:0, instance:testCases.TC_002_LoginTest@46944ca9]" name="login" class="testCases.TC_002_LoginTest"/>
      </group> <!-- Regression -->
      <group name="sanity">
        <method signature="TC_001_RegistrationOfUser.registration()[pri:0, instance:testCases.TC_001_RegistrationOfUser@4c51cf28]" name="registration" class="testCases.TC_001_RegistrationOfUser"/>
        <method signature="TC_002_LoginTest.login()[pri:0, instance:testCases.TC_002_LoginTest@3e7dd664]" name="login" class="testCases.TC_002_LoginTest"/>
        <method signature="TC_001_RegistrationOfUser.registration()[pri:0, instance:testCases.TC_001_RegistrationOfUser@487db668]" name="registration" class="testCases.TC_001_RegistrationOfUser"/>
        <method signature="TC_002_LoginTest.login()[pri:0, instance:testCases.TC_002_LoginTest@46944ca9]" name="login" class="testCases.TC_002_LoginTest"/>
      </group> <!-- sanity -->
    </groups>
    <test started-at="2025-07-08T15:38:46 IST" name="Linux-chrome" finished-at="2025-07-08T15:39:04 IST" duration-ms="18070">
      <class name="testCases.TC_002_LoginTest">
        <test-method is-config="true" signature="setup(java.lang.String,java.lang.String)[pri:0, instance:testCases.TC_002_LoginTest@3e7dd664]" started-at="2025-07-08T15:38:59 IST" name="setup" finished-at="2025-07-08T15:39:01 IST" duration-ms="2386" status="PASS">
          <params>
            <param index="0">
              <value>
                <![CDATA[Linux]]>
              </value>
            </param>
            <param index="1">
              <value>
                <![CDATA[chrome]]>
              </value>
            </param>
          </params>
          <reporter-output>
          </reporter-output>
        </test-method> <!-- setup -->
        <test-method signature="login()[pri:0, instance:testCases.TC_002_LoginTest@3e7dd664]" started-at="2025-07-08T15:39:01 IST" name="login" finished-at="2025-07-08T15:39:04 IST" duration-ms="2773" status="PASS">
          <reporter-output>
          </reporter-output>
        </test-method> <!-- login -->
        <test-method is-config="true" signature="tearDown()[pri:0, instance:testCases.TC_002_LoginTest@3e7dd664]" started-at="2025-07-08T15:39:04 IST" name="tearDown" finished-at="2025-07-08T15:39:04 IST" duration-ms="120" status="PASS">
          <reporter-output>
          </reporter-output>
        </test-method> <!-- tearDown -->
      </class> <!-- testCases.TC_002_LoginTest -->
      <class name="testCases.TC_001_RegistrationOfUser">
        <test-method is-config="true" signature="setup(java.lang.String,java.lang.String)[pri:0, instance:testCases.TC_001_RegistrationOfUser@4c51cf28]" started-at="2025-07-08T15:38:47 IST" name="setup" finished-at="2025-07-08T15:38:54 IST" duration-ms="7439" status="PASS">
          <params>
            <param index="0">
              <value>
                <![CDATA[Linux]]>
              </value>
            </param>
            <param index="1">
              <value>
                <![CDATA[chrome]]>
              </value>
            </param>
          </params>
          <reporter-output>
          </reporter-output>
        </test-method> <!-- setup -->
        <test-method signature="registration()[pri:0, instance:testCases.TC_001_RegistrationOfUser@4c51cf28]" started-at="2025-07-08T15:38:54 IST" name="registration" finished-at="2025-07-08T15:38:59 IST" duration-ms="4444" status="PASS">
          <reporter-output>
          </reporter-output>
        </test-method> <!-- registration -->
        <test-method is-config="true" signature="tearDown()[pri:0, instance:testCases.TC_001_RegistrationOfUser@4c51cf28]" started-at="2025-07-08T15:38:59 IST" name="tearDown" finished-at="2025-07-08T15:38:59 IST" duration-ms="186" status="PASS">
          <reporter-output>
          </reporter-output>
        </test-method> <!-- tearDown -->
      </class> <!-- testCases.TC_001_RegistrationOfUser -->
    </test> <!-- Linux-chrome -->
    <test started-at="2025-07-08T15:39:09 IST" name="Linux-firefox" finished-at="2025-07-08T15:39:36 IST" duration-ms="26992">
      <class name="testCases.TC_002_LoginTest">
        <test-method is-config="true" signature="setup(java.lang.String,java.lang.String)[pri:0, instance:testCases.TC_002_LoginTest@46944ca9]" started-at="2025-07-08T15:39:25 IST" name="setup" finished-at="2025-07-08T15:39:32 IST" duration-ms="7176" status="PASS">
          <params>
            <param index="0">
              <value>
                <![CDATA[Linux]]>
              </value>
            </param>
            <param index="1">
              <value>
                <![CDATA[firefox]]>
              </value>
            </param>
          </params>
          <reporter-output>
          </reporter-output>
        </test-method> <!-- setup -->
        <test-method signature="login()[pri:0, instance:testCases.TC_002_LoginTest@46944ca9]" started-at="2025-07-08T15:39:32 IST" name="login" finished-at="2025-07-08T15:39:34 IST" duration-ms="2355" status="PASS">
          <reporter-output>
          </reporter-output>
        </test-method> <!-- login -->
        <test-method is-config="true" signature="tearDown()[pri:0, instance:testCases.TC_002_LoginTest@46944ca9]" started-at="2025-07-08T15:39:34 IST" name="tearDown" finished-at="2025-07-08T15:39:36 IST" duration-ms="1727" status="PASS">
          <reporter-output>
          </reporter-output>
        </test-method> <!-- tearDown -->
      </class> <!-- testCases.TC_002_LoginTest -->
      <class name="testCases.TC_001_RegistrationOfUser">
        <test-method is-config="true" signature="setup(java.lang.String,java.lang.String)[pri:0, instance:testCases.TC_001_RegistrationOfUser@487db668]" started-at="2025-07-08T15:39:09 IST" name="setup" finished-at="2025-07-08T15:39:19 IST" duration-ms="10279" status="PASS">
          <params>
            <param index="0">
              <value>
                <![CDATA[Linux]]>
              </value>
            </param>
            <param index="1">
              <value>
                <![CDATA[firefox]]>
              </value>
            </param>
          </params>
          <reporter-output>
          </reporter-output>
        </test-method> <!-- setup -->
        <test-method signature="registration()[pri:0, instance:testCases.TC_001_RegistrationOfUser@487db668]" started-at="2025-07-08T15:39:19 IST" name="registration" finished-at="2025-07-08T15:39:23 IST" duration-ms="3471" status="PASS">
          <reporter-output>
          </reporter-output>
        </test-method> <!-- registration -->
        <test-method is-config="true" signature="tearDown()[pri:0, instance:testCases.TC_001_RegistrationOfUser@487db668]" started-at="2025-07-08T15:39:23 IST" name="tearDown" finished-at="2025-07-08T15:39:25 IST" duration-ms="1952" status="PASS">
          <reporter-output>
          </reporter-output>
        </test-method> <!-- tearDown -->
      </class> <!-- testCases.TC_001_RegistrationOfUser -->
    </test> <!-- Linux-firefox -->
  </suite> <!-- Suite -->
</testng-results>
