<?xml version="1.0" encoding="UTF-8"?>
<testng-results ignored="0" total="3" passed="3" failed="0" skipped="0">
  <reporter-output>
  </reporter-output>
  <suite started-at="2025-07-09T00:37:40 IST" name="Suite" finished-at="2025-07-09T00:38:04 IST" duration-ms="24495">
    <groups>
      <group name="Master">
        <method signature="TC_001_RegistrationOfUser.registration()[pri:0, instance:testCases.TC_001_RegistrationOfUser@525575]" name="registration" class="testCases.TC_001_RegistrationOfUser"/>
        <method signature="TC_002_LoginTest.login()[pri:0, instance:testCases.TC_002_LoginTest@db57326]" name="login" class="testCases.TC_002_LoginTest"/>
        <method signature="TC_003_ForgotPwdTest.forgotPwd()[pri:0, instance:testCases.TC_003_ForgotPwdTest@34a875b3]" name="forgotPwd" class="testCases.TC_003_ForgotPwdTest"/>
      </group> <!-- Master -->
      <group name="Regression">
        <method signature="TC_001_RegistrationOfUser.registration()[pri:0, instance:testCases.TC_001_RegistrationOfUser@525575]" name="registration" class="testCases.TC_001_RegistrationOfUser"/>
        <method signature="TC_002_LoginTest.login()[pri:0, instance:testCases.TC_002_LoginTest@db57326]" name="login" class="testCases.TC_002_LoginTest"/>
      </group> <!-- Regression -->
      <group name="sanity">
        <method signature="TC_001_RegistrationOfUser.registration()[pri:0, instance:testCases.TC_001_RegistrationOfUser@525575]" name="registration" class="testCases.TC_001_RegistrationOfUser"/>
        <method signature="TC_002_LoginTest.login()[pri:0, instance:testCases.TC_002_LoginTest@db57326]" name="login" class="testCases.TC_002_LoginTest"/>
        <method signature="TC_003_ForgotPwdTest.forgotPwd()[pri:0, instance:testCases.TC_003_ForgotPwdTest@34a875b3]" name="forgotPwd" class="testCases.TC_003_ForgotPwdTest"/>
      </group> <!-- sanity -->
    </groups>
    <test started-at="2025-07-09T00:37:40 IST" name="Test" finished-at="2025-07-09T00:38:04 IST" duration-ms="24495">
      <class name="testCases.TC_002_LoginTest">
        <test-method is-config="true" signature="setup(java.lang.String,java.lang.String)[pri:0, instance:testCases.TC_002_LoginTest@db57326]" started-at="2025-07-09T00:37:53 IST" name="setup" finished-at="2025-07-09T00:37:56 IST" duration-ms="3309" status="PASS">
          <params>
            <param index="0">
              <value>
                <![CDATA[windows]]>
              </value>
            </param>
            <param index="1">
              <value>
                <![CDATA[chrome]]>
              </value>
            </param>
          </params>
          <reporter-output>
          </reporter-output>
        </test-method> <!-- setup -->
        <test-method signature="login()[pri:0, instance:testCases.TC_002_LoginTest@db57326]" started-at="2025-07-09T00:37:56 IST" name="login" finished-at="2025-07-09T00:37:58 IST" duration-ms="1651" status="PASS">
          <reporter-output>
          </reporter-output>
        </test-method> <!-- login -->
        <test-method is-config="true" signature="tearDown()[pri:0, instance:testCases.TC_002_LoginTest@db57326]" started-at="2025-07-09T00:37:58 IST" name="tearDown" finished-at="2025-07-09T00:37:58 IST" duration-ms="291" status="PASS">
          <reporter-output>
          </reporter-output>
        </test-method> <!-- tearDown -->
      </class> <!-- testCases.TC_002_LoginTest -->
      <class name="testCases.TC_003_ForgotPwdTest">
        <test-method is-config="true" signature="setup(java.lang.String,java.lang.String)[pri:0, instance:testCases.TC_003_ForgotPwdTest@34a875b3]" started-at="2025-07-09T00:37:58 IST" name="setup" finished-at="2025-07-09T00:38:01 IST" duration-ms="2502" status="PASS">
          <params>
            <param index="0">
              <value>
                <![CDATA[windows]]>
              </value>
            </param>
            <param index="1">
              <value>
                <![CDATA[chrome]]>
              </value>
            </param>
          </params>
          <reporter-output>
          </reporter-output>
        </test-method> <!-- setup -->
        <test-method signature="forgotPwd()[pri:0, instance:testCases.TC_003_ForgotPwdTest@34a875b3]" started-at="2025-07-09T00:38:01 IST" name="forgotPwd" finished-at="2025-07-09T00:38:04 IST" duration-ms="3286" status="PASS">
          <reporter-output>
          </reporter-output>
        </test-method> <!-- forgotPwd -->
        <test-method is-config="true" signature="tearDown()[pri:0, instance:testCases.TC_003_ForgotPwdTest@34a875b3]" started-at="2025-07-09T00:38:04 IST" name="tearDown" finished-at="2025-07-09T00:38:04 IST" duration-ms="340" status="PASS">
          <reporter-output>
          </reporter-output>
        </test-method> <!-- tearDown -->
      </class> <!-- testCases.TC_003_ForgotPwdTest -->
      <class name="testCases.TC_001_RegistrationOfUser">
        <test-method is-config="true" signature="setup(java.lang.String,java.lang.String)[pri:0, instance:testCases.TC_001_RegistrationOfUser@525575]" started-at="2025-07-09T00:37:40 IST" name="setup" finished-at="2025-07-09T00:37:47 IST" duration-ms="6517" status="PASS">
          <params>
            <param index="0">
              <value>
                <![CDATA[windows]]>
              </value>
            </param>
            <param index="1">
              <value>
                <![CDATA[chrome]]>
              </value>
            </param>
          </params>
          <reporter-output>
          </reporter-output>
        </test-method> <!-- setup -->
        <test-method signature="registration()[pri:0, instance:testCases.TC_001_RegistrationOfUser@525575]" started-at="2025-07-09T00:37:47 IST" name="registration" finished-at="2025-07-09T00:37:52 IST" duration-ms="5360" status="PASS">
          <reporter-output>
          </reporter-output>
        </test-method> <!-- registration -->
        <test-method is-config="true" signature="tearDown()[pri:0, instance:testCases.TC_001_RegistrationOfUser@525575]" started-at="2025-07-09T00:37:52 IST" name="tearDown" finished-at="2025-07-09T00:37:53 IST" duration-ms="662" status="PASS">
          <reporter-output>
          </reporter-output>
        </test-method> <!-- tearDown -->
      </class> <!-- testCases.TC_001_RegistrationOfUser -->
    </test> <!-- Test -->
  </suite> <!-- Suite -->
</testng-results>
